<?xml version="1.0" encoding="UTF-8" standalone="no"?>
<!DOCTYPE log SYSTEM "logger.dtd">
<log>
<record>
  <date>2021-04-25T10:13:53.926-0300</date>
  <logger>IZABELLA RIBEIRO DE SOUZA SILVA</logger>
  <level>FINE</level>
  <message>File 119210321-IZABELLA RIBEIRO DE SOUZA SILVA.zip was received. It was sent by IZABELLA RIBEIRO DE SOUZA SILVA from IP 10.0.0.103 at 25-04-2021 10*13*53</message>
</record>
</log>
<?xml version="1.0" encoding="UTF-8" standalone="no"?>
<!DOCTYPE log SYSTEM "logger.dtd">
<log>
<record>
  <date>2021-04-25T10:19:26.047-0300</date>
  <logger>IZABELLA RIBEIRO DE SOUZA SILVA</logger>
  <level>FINE</level>
  <message>File 119210321-IZABELLA RIBEIRO DE SOUZA SILVA.zip was received. It was sent by IZABELLA RIBEIRO DE SOUZA SILVA from IP 10.0.0.103 at 25-04-2021 10*19*26</message>
</record>
</log>
<?xml version="1.0" encoding="UTF-8" standalone="no"?>
<!DOCTYPE log SYSTEM "logger.dtd">
<log>
<record>
  <date>2021-04-25T12:09:04.408-0300</date>
  <logger>IZABELLA RIBEIRO DE SOUZA SILVA</logger>
  <level>FINE</level>
  <message>File 119210321-IZABELLA RIBEIRO DE SOUZA SILVA.zip was received. It was sent by IZABELLA RIBEIRO DE SOUZA SILVA from IP 10.0.0.103 at 25-04-2021 12*09*04</message>
</record>
